<?xml version="1.0" encoding="UTF-8"?>
<testsuite xmlns:xsi="http://www.w3.org/2001/XMLSchema-instance" xsi:noNamespaceSchemaLocation="https://maven.apache.org/surefire/maven-surefire-plugin/xsd/surefire-test-report-3.0.xsd" version="3.0" name="com.lab04.CarritoCompraTest$CalculosConMockito" time="0.259" tests="9" errors="0" skipped="0" failures="0">
  <properties>
[...]
</properties>
  <testcase name="carritoVacioTotalCero" classname="com.lab04.CarritoCompraTest$CalculosConMockito" time="0.012"/>
  <testcase name="verificarLlamadasServicioPrecio" classname="com.lab04.CarritoCompraTest$CalculosConMockito" time="0.023"/>
  <testcase name="calcularTotalesParametrizados(double, double, double, double)[1]" classname="com.lab04.CarritoCompraTest$CalculosConMockito" time="0.049"/>
  <testcase name="calcularTotalesParametrizados(double, double, double, double)[2]" classname="com.lab04.CarritoCompraTest$CalculosConMockito" time="0.005"/>
  <testcase name="calcularTotalesParametrizados(double, double, double, double)[3]" classname="com.lab04.CarritoCompraTest$CalculosConMockito" time="0.004"/>
  <testcase name="calcularTotalesParametrizados(double, double, double, double)[4]" classname="com.lab04.CarritoCompraTest$CalculosConMockito" time="0.005"/>
  <testcase name="calcularTotalSoloConDescuento" classname="com.lab04.CarritoCompraTest$CalculosConMockito" time="0.003"/>
  <testcase name="calcularTotalSoloConImpuesto" classname="com.lab04.CarritoCompraTest$CalculosConMockito" time="0.004"/>
  <testcase name="calcularTotalConDescuentoEImpuesto" classname="com.lab04.CarritoCompraTest$CalculosConMockito" time="0.004"/>
</testsuite>